# JRE version: Java(TM) SE Runtime Environment (8.0_121-b13) (build 1.8.0_121-b13)
# Java VM: Java HotSpot(TM) 64-Bit Server VM (25.121-b13 mixed mode windows-amd64 compressed oops)
Heap:
 PSYoungGen      total 77824K, used 1559K [0x00000000d5900000, 0x00000000da800000, 0x0000000100000000)
  eden space 74752K, 2% used [0x00000000d5900000,0x00000000d5a75de8,0x00000000da200000)
  from space 3072K, 2% used [0x00000000da500000,0x00000000da510000,0x00000000da800000)
  to   space 3072K, 0% used [0x00000000da200000,0x00000000da200000,0x00000000da500000)
 ParOldGen       total 44544K, used 6272K [0x0000000080a00000, 0x0000000083580000, 0x00000000d5900000)
  object space 44544K, 14% used [0x0000000080a00000,0x00000000810203c0,0x0000000083580000)
 Metaspace       used 16880K, capacity 17594K, committed 17920K, reserved 1067008K
  class space    used 2497K, capacity 2696K, committed 2816K, reserved 1048576K
GC Heap History (10 events):
Event: 1.013 GC heap before
{Heap before GC invocations=64 (full 1):
 PSYoungGen      total 77824K, used 74912K [0x00000000d5900000, 0x00000000da800000, 0x0000000100000000)
  eden space 74752K, 100% used [0x00000000d5900000,0x00000000da200000,0x00000000da200000)
  from space 3072K, 5% used [0x00000000da500000,0x00000000da528000,0x00000000da800000)
  to   space 3072K, 0% used [0x00000000da200000,0x00000000da200000,0x00000000da500000)
 ParOldGen       total 44544K, used 6232K [0x0000000080a00000, 0x0000000083580000, 0x00000000d5900000)
  object space 44544K, 13% used [0x0000000080a00000,0x00000000810163c0,0x0000000083580000)
 Metaspace       used 16864K, capacity 17594K, committed 17920K, reserved 1067008K
  class space    used 2497K, capacity 2696K, committed 2816K, reserved 1048576K
Event: 1.014 GC heap after
Heap after GC invocations=64 (full 1):
 PSYoungGen      total 77824K, used 64K [0x00000000d5900000, 0x00000000da800000, 0x0000000100000000)
  eden space 74752K, 0% used [0x00000000d5900000,0x00000000d5900000,0x00000000da200000)
  from space 3072K, 2% used [0x00000000da200000,0x00000000da210000,0x00000000da500000)
  to   space 3072K, 0% used [0x00000000da500000,0x00000000da500000,0x00000000da800000)
 ParOldGen       total 44544K, used 6232K [0x0000000080a00000, 0x0000000083580000, 0x00000000d5900000)
  object space 44544K, 13% used [0x0000000080a00000,0x00000000810163c0,0x0000000083580000)
 Metaspace       used 16864K, capacity 17594K, committed 17920K, reserved 1067008K
  class space    used 2497K, capacity 2696K, committed 2816K, reserved 1048576K
}
Event: 1.017 GC heap before
{Heap before GC invocations=65 (full 1):
 PSYoungGen      total 77824K, used 74816K [0x00000000d5900000, 0x00000000da800000, 0x0000000100000000)
  eden space 74752K, 100% used [0x00000000d5900000,0x00000000da200000,0x00000000da200000)
  from space 3072K, 2% used [0x00000000da200000,0x00000000da210000,0x00000000da500000)
  to   space 3072K, 0% used [0x00000000da500000,0x00000000da500000,0x00000000da800000)
 ParOldGen       total 44544K, used 6232K [0x0000000080a00000, 0x0000000083580000, 0x00000000d5900000)
  object space 44544K, 13% used [0x0000000080a00000,0x00000000810163c0,0x0000000083580000)
 Metaspace       used 16866K, capacity 17594K, committed 17920K, reserved 1067008K
  class space    used 2497K, capacity 2696K, committed 2816K, reserved 1048576K
Event: 1.018 GC heap after
Heap after GC invocations=65 (full 1):
 PSYoungGen      total 77824K, used 96K [0x00000000d5900000, 0x00000000da800000, 0x0000000100000000)
  eden space 74752K, 0% used [0x00000000d5900000,0x00000000d5900000,0x00000000da200000)
  from space 3072K, 3% used [0x00000000da500000,0x00000000da518000,0x00000000da800000)
  to   space 3072K, 0% used [0x00000000da200000,0x00000000da200000,0x00000000da500000)
 ParOldGen       total 44544K, used 6232K [0x0000000080a00000, 0x0000000083580000, 0x00000000d5900000)
  object space 44544K, 13% used [0x0000000080a00000,0x00000000810163c0,0x0000000083580000)
 Metaspace       used 16866K, capacity 17594K, committed 17920K, reserved 1067008K
  class space    used 2497K, capacity 2696K, committed 2816K, reserved 1048576K
}
Event: 1.022 GC heap before
{Heap before GC invocations=66 (full 1):
 PSYoungGen      total 77824K, used 74848K [0x00000000d5900000, 0x00000000da800000, 0x0000000100000000)
  eden space 74752K, 100% used [0x00000000d5900000,0x00000000da200000,0x00000000da200000)
  from space 3072K, 3% used [0x00000000da500000,0x00000000da518000,0x00000000da800000)
  to   space 3072K, 0% used [0x00000000da200000,0x00000000da200000,0x00000000da500000)
 ParOldGen       total 44544K, used 6232K [0x0000000080a00000, 0x0000000083580000, 0x00000000d5900000)
  object space 44544K, 13% used [0x0000000080a00000,0x00000000810163c0,0x0000000083580000)
 Metaspace       used 16866K, capacity 17594K, committed 17920K, reserved 1067008K
  class space    used 2497K, capacity 2696K, committed 2816K, reserved 1048576K
Event: 1.022 GC heap after
Heap after GC invocations=66 (full 1):
 PSYoungGen      total 77824K, used 96K [0x00000000d5900000, 0x00000000da800000, 0x0000000100000000)
  eden space 74752K, 0% used [0x00000000d5900000,0x00000000d5900000,0x00000000da200000)
  from space 3072K, 3% used [0x00000000da200000,0x00000000da218000,0x00000000da500000)
  to   space 3072K, 0% used [0x00000000da500000,0x00000000da500000,0x00000000da800000)
 ParOldGen       total 44544K, used 6232K [0x0000000080a00000, 0x0000000083580000, 0x00000000d5900000)
  object space 44544K, 13% used [0x0000000080a00000,0x00000000810163c0,0x0000000083580000)
 Metaspace       used 16866K, capacity 17594K, committed 17920K, reserved 1067008K
  class space    used 2497K, capacity 2696K, committed 2816K, reserved 1048576K
}
Event: 1.026 GC heap before
{Heap before GC invocations=67 (full 1):
 PSYoungGen      total 77824K, used 74848K [0x00000000d5900000, 0x00000000da800000, 0x0000000100000000)
  eden space 74752K, 100% used [0x00000000d5900000,0x00000000da200000,0x00000000da200000)
  from space 3072K, 3% used [0x00000000da200000,0x00000000da218000,0x00000000da500000)
  to   space 3072K, 0% used [0x00000000da500000,0x00000000da500000,0x00000000da800000)
 ParOldGen       total 44544K, used 6232K [0x0000000080a00000, 0x0000000083580000, 0x00000000d5900000)
  object space 44544K, 13% used [0x0000000080a00000,0x00000000810163c0,0x0000000083580000)
 Metaspace       used 16869K, capacity 17594K, committed 17920K, reserved 1067008K
  class space    used 2497K, capacity 2696K, committed 2816K, reserved 1048576K
Event: 1.027 GC heap after
Heap after GC invocations=67 (full 1):
 PSYoungGen      total 77824K, used 96K [0x00000000d5900000, 0x00000000da800000, 0x0000000100000000)
  eden space 74752K, 0% used [0x00000000d5900000,0x00000000d5900000,0x00000000da200000)
  from space 3072K, 3% used [0x00000000da500000,0x00000000da518000,0x00000000da800000)
  to   space 3072K, 0% used [0x00000000da200000,0x00000000da200000,0x00000000da500000)
 ParOldGen       total 44544K, used 6248K [0x0000000080a00000, 0x0000000083580000, 0x00000000d5900000)
  object space 44544K, 14% used [0x0000000080a00000,0x000000008101a3c0,0x0000000083580000)
 Metaspace       used 16869K, capacity 17594K, committed 17920K, reserved 1067008K
  class space    used 2497K, capacity 2696K, committed 2816K, reserved 1048576K
}
Event: 1.032 GC heap before
{Heap before GC invocations=68 (full 1):
 PSYoungGen      total 77824K, used 74848K [0x00000000d5900000, 0x00000000da800000, 0x0000000100000000)
  eden space 74752K, 100% used [0x00000000d5900000,0x00000000da200000,0x00000000da200000)
  from space 3072K, 3% used [0x00000000da500000,0x00000000da518000,0x00000000da800000)
  to   space 3072K, 0% used [0x00000000da200000,0x00000000da200000,0x00000000da500000)
 ParOldGen       total 44544K, used 6248K [0x0000000080a00000, 0x0000000083580000, 0x00000000d5900000)
  object space 44544K, 14% used [0x0000000080a00000,0x000000008101a3c0,0x0000000083580000)
 Metaspace       used 16876K, capacity 17594K, committed 17920K, reserved 1067008K
  class space    used 2497K, capacity 2696K, committed 2816K, reserved 1048576K
Event: 1.032 GC heap after
Heap after GC invocations=68 (full 1):
 PSYoungGen      total 77824K, used 96K [0x00000000d5900000, 0x00000000da800000, 0x0000000100000000)
  eden space 74752K, 0% used [0x00000000d5900000,0x00000000d5900000,0x00000000da200000)
  from space 3072K, 3% used [0x00000000da200000,0x00000000da218000,0x00000000da500000)
  to   space 3072K, 0% used [0x00000000da500000,0x00000000da500000,0x00000000da800000)
 ParOldGen       total 44544K, used 6272K [0x0000000080a00000, 0x0000000083580000, 0x00000000d5900000)
  object space 44544K, 14% used [0x0000000080a00000,0x00000000810203c0,0x0000000083580000)
 Metaspace       used 16876K, capacity 17594K, committed 17920K, reserved 1067008K
  class space    used 2497K, capacity 2696K, committed 2816K, reserved 1048576K
}

